<?xml version="1.0" encoding="UTF-8"?>
<!-- Generated by org.testng.reporters.JUnitReportReporter -->
<testsuite hostname="Admin" name="badstore.TestCases" tests="1" failures="0" timestamp="2 Apr 2015 00:28:48 GMT" time="4.196" errors="0">
  <testcase name="testSearchCricket" time="4.196" classname="badstore.TestCases"/>
</testsuite> <!-- badstore.TestCases -->
