<?xml version="1.0" encoding="UTF-8"?>
<!-- Generated by org.testng.reporters.JUnitReportReporter -->
<testsuite hostname="Admin" name="badstore.TestClass1" tests="2" failures="0" timestamp="5 Apr 2015 21:26:02 GMT" time="387.316" errors="0">
  <testcase name="sqlInjectionAttackTestOne" time="148.291" classname="badstore.TestClass1"/>
  <testcase name="xssAttackTestOne" time="239.025" classname="badstore.TestClass1"/>
</testsuite> <!-- badstore.TestClass1 -->
