<?xml version="1.0" encoding="UTF-8"?>
<!-- Generated by org.testng.reporters.JUnitReportReporter -->
<testsuite hostname="Admin" name="badstore.TestClass2" tests="2" failures="0" timestamp="5 Apr 2015 21:26:01 GMT" time="395.760" errors="0">
  <testcase name="sqlInjectionAttackTestOne" time="156.957" classname="badstore.TestClass2"/>
  <testcase name="xssAttackTestOne" time="238.803" classname="badstore.TestClass2"/>
</testsuite> <!-- badstore.TestClass2 -->
