<?xml version="1.0" encoding="UTF-8"?>
<!-- Generated by org.testng.reporters.JUnitXMLReporter -->
<testsuite hostname="Admin" name="Test-method test" tests="2" failures="0" timestamp="3 Apr 2015 00:58:35 GMT" time="55.757" errors="0">
  <testcase name="sqlInjectionAttackTestOne" time="27.055" classname="badstore.TestClass1"/>
  <testcase name="sqlInjectionAttackTestOne" time="27.885" classname="badstore.TestClass2"/>
</testsuite> <!-- Test-method test -->
